<?xml version="1.0" encoding="UTF-8"?>
<testng-results ignored="0" total="1" passed="1" failed="0" skipped="0">
  <reporter-output>
  </reporter-output>
  <suite started-at="2023-12-28T08:28:36Z" name="Suite" finished-at="2023-12-28T08:28:46Z" duration-ms="9892">
    <groups>
      <group name="cucumber">
        <method signature="AbstractTestNGCucumberTests.runScenario(io.cucumber.testng.PickleWrapper, io.cucumber.testng.FeatureWrapper)[pri:0, instance:runner.RunTest@6c42f2a1]" name="runScenario" class="io.cucumber.testng.AbstractTestNGCucumberTests"/>
      </group> <!-- cucumber -->
    </groups>
    <test started-at="2023-12-28T08:28:36Z" name="Test" finished-at="2023-12-28T08:28:46Z" duration-ms="9892">
      <class name="runner.RunTest">
        <test-method is-config="true" signature="setUpClass()[pri:0, instance:runner.RunTest@6c42f2a1]" started-at="2023-12-28T08:28:36Z" name="setUpClass" finished-at="2023-12-28T08:28:37Z" duration-ms="731" status="PASS">
          <reporter-output>
          </reporter-output>
        </test-method> <!-- setUpClass -->
        <test-method signature="runScenario(io.cucumber.testng.PickleWrapper, io.cucumber.testng.FeatureWrapper)[pri:0, instance:runner.RunTest@6c42f2a1]" started-at="2023-12-28T08:28:37Z" name="runScenario" description="Runs Cucumber Scenarios" data-provider="scenarios" finished-at="2023-12-28T08:28:46Z" duration-ms="9049" status="PASS">
          <params>
            <param index="0">
              <value>
                <![CDATA["Search functionality"]]>
              </value>
            </param>
            <param index="1">
              <value>
                <![CDATA["Search Functionality"]]>
              </value>
            </param>
          </params>
          <reporter-output>
          </reporter-output>
        </test-method> <!-- runScenario -->
        <test-method is-config="true" signature="tearDownClass()[pri:0, instance:runner.RunTest@6c42f2a1]" started-at="2023-12-28T08:28:46Z" name="tearDownClass" finished-at="2023-12-28T08:28:46Z" duration-ms="5" status="PASS">
          <reporter-output>
          </reporter-output>
        </test-method> <!-- tearDownClass -->
      </class> <!-- runner.RunTest -->
    </test> <!-- Test -->
  </suite> <!-- Suite -->
</testng-results>
